<?xml version="1.0" encoding="UTF-8"?>
<!-- Generated by org.testng.reporters.JUnitReportReporter -->
<testsuite hostname="EN310300" failures="0" tests="3" name="com.zeroWebAppSecurity.test.TransferFundsPageTest" time="5.397" errors="0" timestamp="24 Jan 2020 13:16:10 GMT">
  <testcase classname="com.zeroWebAppSecurity.test.TransferFundsPageTest" name="shouldNotBeAbleToTransferFundsFromAccountWithBalanceInMinus" time="1.767"/>
  <testcase classname="com.zeroWebAppSecurity.test.TransferFundsPageTest" name="shouldNotBeAbleToTransferMoreMoneyThanTheAccountHas" time="1.717"/>
  <testcase classname="com.zeroWebAppSecurity.test.TransferFundsPageTest" name="shouldBeAbleToTransferFundsFromOneAccountToOther" time="1.913"/>
</testsuite> <!-- com.zeroWebAppSecurity.test.TransferFundsPageTest -->
